[TURNAROUND] Company ADANIENSOL, Year 2018-03, Metric net_profit_3yr: Base (-7), End (1143) - Category: TURNAROUND - Explanation: Decline from loss base to profit end value
[TURNAROUND] Company ADANIENSOL, Year 2020-03, Metric net_profit_5yr: Base (-7), End (706) - Category: TURNAROUND - Explanation: Decline from loss base to profit end value
[TURNAROUND] Company ADANIGREEN, Year 2021-03, Metric net_profit_3yr: Base (-138), End (182) - Category: TURNAROUND - Explanation: Decline from loss base to profit end value
[TURNAROUND] Company ADANIGREEN, Year 2021-03, Metric eps_3yr: Base (-1.0), End (1.0) - Category: TURNAROUND - Explanation: Decline from loss base to profit end value
[TURNAROUND] Company ADANIGREEN, Year 2022-03, Metric net_profit_3yr: Base (-475), End (489) - Category: TURNAROUND - Explanation: Decline from loss base to profit end value
[TURNAROUND] Company ADANIGREEN, Year 2022-03, Metric net_profit_5yr: Base (-47), End (489) - Category: TURNAROUND - Explanation: Decline from loss base to profit end value
[TURNAROUND] Company ADANIGREEN, Year 2022-03, Metric eps_3yr: Base (-3.0), End (3.0) - Category: TURNAROUND - Explanation: Decline from loss base to profit end value
[TURNAROUND] Company ADANIGREEN, Year 2023-03, Metric net_profit_3yr: Base (-68), End (973) - Category: TURNAROUND - Explanation: Decline from loss base to profit end value
[TURNAROUND] Company ADANIGREEN, Year 2023-03, Metric net_profit_5yr: Base (-138), End (973) - Category: TURNAROUND - Explanation: Decline from loss base to profit end value
[TURNAROUND] Company ADANIGREEN, Year 2023-03, Metric eps_5yr: Base (-1.0), End (6.0) - Category: TURNAROUND - Explanation: Decline from loss base to profit end value
[TURNAROUND] Company ADANIGREEN, Year 2024-03, Metric net_profit_5yr: Base (-475), End (1260) - Category: TURNAROUND - Explanation: Decline from loss base to profit end value
[TURNAROUND] Company ADANIGREEN, Year 2024-03, Metric eps_5yr: Base (-3.0), End (7.0) - Category: TURNAROUND - Explanation: Decline from loss base to profit end value
[TURNAROUND] Company ADANIPOWER, Year 2016-03, Metric net_profit_3yr: Base (-2295), End (551) - Category: TURNAROUND - Explanation: Decline from loss base to profit end value
[TURNAROUND] Company ADANIPOWER, Year 2016-03, Metric eps_3yr: Base (-10.0), End (2.0) - Category: TURNAROUND - Explanation: Decline from loss base to profit end value
[TURNAROUND] Company ADANIPOWER, Year 2021-03, Metric net_profit_3yr: Base (-2103), End (1270) - Category: TURNAROUND - Explanation: Decline from loss base to profit end value
[TURNAROUND] Company ADANIPOWER, Year 2021-03, Metric eps_3yr: Base (-5.0), End (3.0) - Category: TURNAROUND - Explanation: Decline from loss base to profit end value
[TURNAROUND] Company ADANIPOWER, Year 2022-03, Metric net_profit_3yr: Base (-984), End (4912) - Category: TURNAROUND - Explanation: Decline from loss base to profit end value
[TURNAROUND] Company ADANIPOWER, Year 2022-03, Metric net_profit_5yr: Base (-6174), End (4912) - Category: TURNAROUND - Explanation: Decline from loss base to profit end value
[TURNAROUND] Company ADANIPOWER, Year 2022-03, Metric eps_3yr: Base (-3.0), End (13.0) - Category: TURNAROUND - Explanation: Decline from loss base to profit end value
[TURNAROUND] Company ADANIPOWER, Year 2022-03, Metric eps_5yr: Base (-16.0), End (13.0) - Category: TURNAROUND - Explanation: Decline from loss base to profit end value
[TURNAROUND] Company ADANIPOWER, Year 2023-03, Metric net_profit_3yr: Base (-2275), End (10727) - Category: TURNAROUND - Explanation: Decline from loss base to profit end value
[TURNAROUND] Company ADANIPOWER, Year 2023-03, Metric net_profit_5yr: Base (-2103), End (10727) - Category: TURNAROUND - Explanation: Decline from loss base to profit end value
[TURNAROUND] Company ADANIPOWER, Year 2023-03, Metric net_profit_10yr: Base (-2295), End (10727) - Category: TURNAROUND - Explanation: Decline from loss base to profit end value
[TURNAROUND] Company ADANIPOWER, Year 2023-03, Metric eps_3yr: Base (-6.0), End (28.0) - Category: TURNAROUND - Explanation: Decline from loss base to profit end value
[TURNAROUND] Company ADANIPOWER, Year 2023-03, Metric eps_5yr: Base (-5.0), End (28.0) - Category: TURNAROUND - Explanation: Decline from loss base to profit end value
[TURNAROUND] Company ADANIPOWER, Year 2023-03, Metric eps_10yr: Base (-10.0), End (28.0) - Category: TURNAROUND - Explanation: Decline from loss base to profit end value
[TURNAROUND] Company ADANIPOWER, Year 2024-03, Metric net_profit_5yr: Base (-984), End (20829) - Category: TURNAROUND - Explanation: Decline from loss base to profit end value
[TURNAROUND] Company ADANIPOWER, Year 2024-03, Metric net_profit_10yr: Base (-291), End (20829) - Category: TURNAROUND - Explanation: Decline from loss base to profit end value
[TURNAROUND] Company ADANIPOWER, Year 2024-03, Metric eps_5yr: Base (-3.0), End (54.0) - Category: TURNAROUND - Explanation: Decline from loss base to profit end value
[TURNAROUND] Company ADANIPOWER, Year 2024-03, Metric eps_10yr: Base (-1.0), End (54.0) - Category: TURNAROUND - Explanation: Decline from loss base to profit end value
[TURNAROUND] Company BANKBARODA, Year 2019-03, Metric net_profit_3yr: Base (-5033), End (1166) - Category: TURNAROUND - Explanation: Decline from loss base to profit end value
[TURNAROUND] Company BANKBARODA, Year 2019-03, Metric eps_3yr: Base (-22.0), End (4.0) - Category: TURNAROUND - Explanation: Decline from loss base to profit end value
[TURNAROUND] Company BANKBARODA, Year 2021-03, Metric net_profit_3yr: Base (-1836), End (1620) - Category: TURNAROUND - Explanation: Decline from loss base to profit end value
[TURNAROUND] Company BANKBARODA, Year 2021-03, Metric net_profit_5yr: Base (-5033), End (1620) - Category: TURNAROUND - Explanation: Decline from loss base to profit end value
[TURNAROUND] Company BANKBARODA, Year 2021-03, Metric eps_3yr: Base (-7.0), End (3.0) - Category: TURNAROUND - Explanation: Decline from loss base to profit end value
[TURNAROUND] Company BANKBARODA, Year 2021-03, Metric eps_5yr: Base (-22.0), End (3.0) - Category: TURNAROUND - Explanation: Decline from loss base to profit end value
[TURNAROUND] Company BANKBARODA, Year 2023-03, Metric net_profit_5yr: Base (-1836), End (15005) - Category: TURNAROUND - Explanation: Decline from loss base to profit end value
[TURNAROUND] Company BANKBARODA, Year 2023-03, Metric eps_5yr: Base (-7.0), End (29.0) - Category: TURNAROUND - Explanation: Decline from loss base to profit end value
[TURNAROUND] Company BHARTIARTL, Year 2023-03, Metric net_profit_3yr: Base (-30664), End (12287) - Category: TURNAROUND - Explanation: Decline from loss base to profit end value
[TURNAROUND] Company BHARTIARTL, Year 2023-03, Metric eps_3yr: Base (-55.0), End (15.0) - Category: TURNAROUND - Explanation: Decline from loss base to profit end value
[TURNAROUND] Company BHARTIARTL, Year 2024-03, Metric net_profit_3yr: Base (-12364), End (8558) - Category: TURNAROUND - Explanation: Decline from loss base to profit end value
[TURNAROUND] Company BHARTIARTL, Year 2024-03, Metric eps_3yr: Base (-26.0), End (13.0) - Category: TURNAROUND - Explanation: Decline from loss base to profit end value
[TURNAROUND] Company BHEL, Year 2019-03, Metric net_profit_3yr: Base (-706), End (1002) - Category: TURNAROUND - Explanation: Decline from loss base to profit end value
[TURNAROUND] Company BHEL, Year 2019-03, Metric eps_3yr: Base (-2.0), End (3.0) - Category: TURNAROUND - Explanation: Decline from loss base to profit end value
[TURNAROUND] Company BHEL, Year 2023-03, Metric net_profit_3yr: Base (-1468), End (654) - Category: TURNAROUND - Explanation: Decline from loss base to profit end value
[TURNAROUND] Company BHEL, Year 2023-03, Metric eps_3yr: Base (-4.0), End (2.0) - Category: TURNAROUND - Explanation: Decline from loss base to profit end value
[TURNAROUND] Company BHEL, Year 2024-03, Metric net_profit_3yr: Base (-2700), End (282) - Category: TURNAROUND - Explanation: Decline from loss base to profit end value
[TURNAROUND] Company BHEL, Year 2024-03, Metric eps_3yr: Base (-8.0), End (1.0) - Category: TURNAROUND - Explanation: Decline from loss base to profit end value
[TURNAROUND] Company CANBK, Year 2019-03, Metric net_profit_3yr: Base (-2535), End (696) - Category: TURNAROUND - Explanation: Decline from loss base to profit end value
[TURNAROUND] Company CANBK, Year 2019-03, Metric eps_3yr: Base (-9.0), End (2.0) - Category: TURNAROUND - Explanation: Decline from loss base to profit end value
[TURNAROUND] Company CANBK, Year 2021-03, Metric net_profit_3yr: Base (-3873), End (2957) - Category: TURNAROUND - Explanation: Decline from loss base to profit end value
[TURNAROUND] Company CANBK, Year 2021-03, Metric net_profit_5yr: Base (-2535), End (2957) - Category: TURNAROUND - Explanation: Decline from loss base to profit end value
[TURNAROUND] Company CANBK, Year 2021-03, Metric eps_3yr: Base (-11.0), End (4.0) - Category: TURNAROUND - Explanation: Decline from loss base to profit end value
[TURNAROUND] Company CANBK, Year 2021-03, Metric eps_5yr: Base (-9.0), End (4.0) - Category: TURNAROUND - Explanation: Decline from loss base to profit end value
[TURNAROUND] Company CANBK, Year 2023-03, Metric net_profit_3yr: Base (-1921), End (11345) - Category: TURNAROUND - Explanation: Decline from loss base to profit end value
[TURNAROUND] Company CANBK, Year 2023-03, Metric net_profit_5yr: Base (-3873), End (11345) - Category: TURNAROUND - Explanation: Decline from loss base to profit end value
[TURNAROUND] Company CANBK, Year 2023-03, Metric eps_3yr: Base (-4.0), End (12.0) - Category: TURNAROUND - Explanation: Decline from loss base to profit end value
[TURNAROUND] Company CANBK, Year 2023-03, Metric eps_5yr: Base (-11.0), End (12.0) - Category: TURNAROUND - Explanation: Decline from loss base to profit end value
[TURNAROUND] Company DLF, Year 2023-03, Metric net_profit_3yr: Base (-590), End (2034) - Category: TURNAROUND - Explanation: Decline from loss base to profit end value
[TURNAROUND] Company DLF, Year 2023-03, Metric eps_3yr: Base (-2.0), End (8.0) - Category: TURNAROUND - Explanation: Decline from loss base to profit end value
[TURNAROUND] Company HINDALCO, Year 2019-03, Metric net_profit_3yr: Base (-702), End (5495) - Category: TURNAROUND - Explanation: Decline from loss base to profit end value
[TURNAROUND] Company HINDALCO, Year 2019-03, Metric eps_3yr: Base (-1.0), End (24.0) - Category: TURNAROUND - Explanation: Decline from loss base to profit end value
[TURNAROUND] Company HINDALCO, Year 2021-03, Metric net_profit_5yr: Base (-702), End (3483) - Category: TURNAROUND - Explanation: Decline from loss base to profit end value
[TURNAROUND] Company HINDALCO, Year 2021-03, Metric eps_5yr: Base (-1.0), End (16.0) - Category: TURNAROUND - Explanation: Decline from loss base to profit end value
[TURNAROUND] Company IOC, Year 2023-03, Metric net_profit_3yr: Base (-1876), End (11704) - Category: TURNAROUND - Explanation: Decline from loss base to profit end value
[TURNAROUND] Company IOC, Year 2023-03, Metric eps_3yr: Base (-1.0), End (7.0) - Category: TURNAROUND - Explanation: Decline from loss base to profit end value
[TURNAROUND] Company JINDALSTEL, Year 2021-03, Metric net_profit_3yr: Base (-1616), End (4267) - Category: TURNAROUND - Explanation: Decline from loss base to profit end value
[TURNAROUND] Company JINDALSTEL, Year 2021-03, Metric net_profit_5yr: Base (-3087), End (4267) - Category: TURNAROUND - Explanation: Decline from loss base to profit end value
[TURNAROUND] Company JINDALSTEL, Year 2021-03, Metric eps_3yr: Base (-15.0), End (36.0) - Category: TURNAROUND - Explanation: Decline from loss base to profit end value
[TURNAROUND] Company JINDALSTEL, Year 2021-03, Metric eps_5yr: Base (-32.0), End (36.0) - Category: TURNAROUND - Explanation: Decline from loss base to profit end value
[TURNAROUND] Company JINDALSTEL, Year 2022-03, Metric net_profit_3yr: Base (-2412), End (6766) - Category: TURNAROUND - Explanation: Decline from loss base to profit end value
[TURNAROUND] Company JINDALSTEL, Year 2022-03, Metric net_profit_5yr: Base (-2538), End (6766) - Category: TURNAROUND - Explanation: Decline from loss base to profit end value
[TURNAROUND] Company JINDALSTEL, Year 2022-03, Metric eps_3yr: Base (-17.0), End (56.0) - Category: TURNAROUND - Explanation: Decline from loss base to profit end value
[TURNAROUND] Company JINDALSTEL, Year 2022-03, Metric eps_5yr: Base (-25.0), End (56.0) - Category: TURNAROUND - Explanation: Decline from loss base to profit end value
[TURNAROUND] Company JINDALSTEL, Year 2023-03, Metric net_profit_3yr: Base (-400), End (3974) - Category: TURNAROUND - Explanation: Decline from loss base to profit end value
[TURNAROUND] Company JINDALSTEL, Year 2023-03, Metric net_profit_5yr: Base (-1616), End (3974) - Category: TURNAROUND - Explanation: Decline from loss base to profit end value
[TURNAROUND] Company JINDALSTEL, Year 2023-03, Metric eps_3yr: Base (-1.0), End (31.0) - Category: TURNAROUND - Explanation: Decline from loss base to profit end value
[TURNAROUND] Company JINDALSTEL, Year 2023-03, Metric eps_5yr: Base (-15.0), End (31.0) - Category: TURNAROUND - Explanation: Decline from loss base to profit end value
[TURNAROUND] Company JINDALSTEL, Year 2024-03, Metric net_profit_5yr: Base (-2412), End (5943) - Category: TURNAROUND - Explanation: Decline from loss base to profit end value
[TURNAROUND] Company JINDALSTEL, Year 2024-03, Metric eps_5yr: Base (-17.0), End (58.0) - Category: TURNAROUND - Explanation: Decline from loss base to profit end value
[TURNAROUND] Company JSWSTEEL, Year 2019-03, Metric net_profit_3yr: Base (-481), End (7524) - Category: TURNAROUND - Explanation: Decline from loss base to profit end value
[TURNAROUND] Company JSWSTEEL, Year 2019-03, Metric eps_3yr: Base (-1.0), End (32.0) - Category: TURNAROUND - Explanation: Decline from loss base to profit end value
[TURNAROUND] Company JSWSTEEL, Year 2021-03, Metric net_profit_5yr: Base (-481), End (7873) - Category: TURNAROUND - Explanation: Decline from loss base to profit end value
[TURNAROUND] Company JSWSTEEL, Year 2021-03, Metric eps_5yr: Base (-1.0), End (33.0) - Category: TURNAROUND - Explanation: Decline from loss base to profit end value
[TURNAROUND] Company M&M, Year 2023-03, Metric net_profit_3yr: Base (-321), End (11374) - Category: TURNAROUND - Explanation: Decline from loss base to profit end value
[TURNAROUND] Company NAUKRI, Year 2018-03, Metric net_profit_3yr: Base (-14), End (501) - Category: TURNAROUND - Explanation: Decline from loss base to profit end value
[TURNAROUND] Company NAUKRI, Year 2022-03, Metric net_profit_5yr: Base (-43), End (12882) - Category: TURNAROUND - Explanation: Decline from loss base to profit end value
[TURNAROUND] Company NAUKRI, Year 2022-03, Metric eps_5yr: Base (-2.0), End (991.0) - Category: TURNAROUND - Explanation: Decline from loss base to profit end value
[TURNAROUND] Company PNB, Year 2021-03, Metric net_profit_3yr: Base (-12111), End (2695) - Category: TURNAROUND - Explanation: Decline from loss base to profit end value
[TURNAROUND] Company PNB, Year 2021-03, Metric net_profit_5yr: Base (-3510), End (2695) - Category: TURNAROUND - Explanation: Decline from loss base to profit end value
[TURNAROUND] Company PNB, Year 2021-03, Metric eps_3yr: Base (-44.0), End (2.0) - Category: TURNAROUND - Explanation: Decline from loss base to profit end value
[TURNAROUND] Company PNB, Year 2021-03, Metric eps_5yr: Base (-19.0), End (2.0) - Category: TURNAROUND - Explanation: Decline from loss base to profit end value
[TURNAROUND] Company PNB, Year 2022-03, Metric net_profit_3yr: Base (-9550), End (3908) - Category: TURNAROUND - Explanation: Decline from loss base to profit end value
[TURNAROUND] Company PNB, Year 2022-03, Metric eps_3yr: Base (-21.0), End (4.0) - Category: TURNAROUND - Explanation: Decline from loss base to profit end value
[TURNAROUND] Company PNB, Year 2023-03, Metric net_profit_5yr: Base (-12111), End (3359) - Category: TURNAROUND - Explanation: Decline from loss base to profit end value
[TURNAROUND] Company PNB, Year 2023-03, Metric eps_5yr: Base (-44.0), End (3.0) - Category: TURNAROUND - Explanation: Decline from loss base to profit end value
[TURNAROUND] Company PNB, Year 2024-03, Metric net_profit_5yr: Base (-9550), End (9157) - Category: TURNAROUND - Explanation: Decline from loss base to profit end value
[TURNAROUND] Company PNB, Year 2024-03, Metric eps_5yr: Base (-21.0), End (8.0) - Category: TURNAROUND - Explanation: Decline from loss base to profit end value
[TURNAROUND] Company SBIN, Year 2020-03, Metric net_profit_3yr: Base (-97), End (21140) - Category: TURNAROUND - Explanation: Decline from loss base to profit end value
[TURNAROUND] Company SBIN, Year 2021-03, Metric net_profit_3yr: Base (-3749), End (23888) - Category: TURNAROUND - Explanation: Decline from loss base to profit end value
[TURNAROUND] Company SBIN, Year 2021-03, Metric eps_3yr: Base (-5.0), End (25.0) - Category: TURNAROUND - Explanation: Decline from loss base to profit end value
[TURNAROUND] Company SBIN, Year 2022-03, Metric net_profit_5yr: Base (-97), End (37183) - Category: TURNAROUND - Explanation: Decline from loss base to profit end value
[TURNAROUND] Company SBIN, Year 2023-03, Metric net_profit_5yr: Base (-3749), End (57750) - Category: TURNAROUND - Explanation: Decline from loss base to profit end value
[TURNAROUND] Company SBIN, Year 2023-03, Metric eps_5yr: Base (-5.0), End (62.0) - Category: TURNAROUND - Explanation: Decline from loss base to profit end value
[TURNAROUND] Company TATACONSUM, Year 2019-03, Metric net_profit_3yr: Base (-37), End (457) - Category: TURNAROUND - Explanation: Decline from loss base to profit end value
[TURNAROUND] Company TATACONSUM, Year 2021-03, Metric net_profit_5yr: Base (-37), End (930) - Category: TURNAROUND - Explanation: Decline from loss base to profit end value
[TURNAROUND] Company TATAMOTORS, Year 2023-03, Metric net_profit_3yr: Base (-11975), End (2690) - Category: TURNAROUND - Explanation: Decline from loss base to profit end value
[TURNAROUND] Company TATAMOTORS, Year 2023-03, Metric eps_3yr: Base (-39.0), End (7.0) - Category: TURNAROUND - Explanation: Decline from loss base to profit end value
[TURNAROUND] Company TATAMOTORS, Year 2024-03, Metric net_profit_3yr: Base (-13395), End (31807) - Category: TURNAROUND - Explanation: Decline from loss base to profit end value
[TURNAROUND] Company TATAMOTORS, Year 2024-03, Metric net_profit_5yr: Base (-28724), End (31807) - Category: TURNAROUND - Explanation: Decline from loss base to profit end value
[TURNAROUND] Company TATAMOTORS, Year 2024-03, Metric eps_3yr: Base (-41.0), End (94.0) - Category: TURNAROUND - Explanation: Decline from loss base to profit end value
[TURNAROUND] Company TATAMOTORS, Year 2024-03, Metric eps_5yr: Base (-100.0), End (94.0) - Category: TURNAROUND - Explanation: Decline from loss base to profit end value
[TURNAROUND] Company TATAPOWER, Year 2017-03, Metric eps_3yr: Base (-1.0), End (3.0) - Category: TURNAROUND - Explanation: Decline from loss base to profit end value
[TURNAROUND] Company TATAPOWER, Year 2019-03, Metric eps_5yr: Base (-1.0), End (9.0) - Category: TURNAROUND - Explanation: Decline from loss base to profit end value
[TURNAROUND] Company TATAPOWER, Year 2024-03, Metric eps_10yr: Base (-1.0), End (12.0) - Category: TURNAROUND - Explanation: Decline from loss base to profit end value
[TURNAROUND] Company TATASTEEL, Year 2018-03, Metric net_profit_3yr: Base (-3939), End (17743) - Category: TURNAROUND - Explanation: Decline from loss base to profit end value
[TURNAROUND] Company TATASTEEL, Year 2018-03, Metric net_profit_5yr: Base (-7272), End (17743) - Category: TURNAROUND - Explanation: Decline from loss base to profit end value
[TURNAROUND] Company TATASTEEL, Year 2018-03, Metric eps_3yr: Base (-3.0), End (12.0) - Category: TURNAROUND - Explanation: Decline from loss base to profit end value
[TURNAROUND] Company TATASTEEL, Year 2018-03, Metric eps_5yr: Base (-6.0), End (12.0) - Category: TURNAROUND - Explanation: Decline from loss base to profit end value
[TURNAROUND] Company TATASTEEL, Year 2019-03, Metric net_profit_3yr: Base (-497), End (9122) - Category: TURNAROUND - Explanation: Decline from loss base to profit end value
[TURNAROUND] Company TATASTEEL, Year 2020-03, Metric net_profit_3yr: Base (-4169), End (1174) - Category: TURNAROUND - Explanation: Decline from loss base to profit end value
[TURNAROUND] Company TATASTEEL, Year 2020-03, Metric net_profit_5yr: Base (-3939), End (1174) - Category: TURNAROUND - Explanation: Decline from loss base to profit end value
[TURNAROUND] Company TATASTEEL, Year 2020-03, Metric eps_3yr: Base (-4.0), End (1.0) - Category: TURNAROUND - Explanation: Decline from loss base to profit end value
[TURNAROUND] Company TATASTEEL, Year 2020-03, Metric eps_5yr: Base (-3.0), End (1.0) - Category: TURNAROUND - Explanation: Decline from loss base to profit end value
[TURNAROUND] Company TATASTEEL, Year 2021-03, Metric net_profit_5yr: Base (-497), End (8190) - Category: TURNAROUND - Explanation: Decline from loss base to profit end value
[TURNAROUND] Company TATASTEEL, Year 2022-03, Metric net_profit_5yr: Base (-4169), End (41749) - Category: TURNAROUND - Explanation: Decline from loss base to profit end value
[TURNAROUND] Company TATASTEEL, Year 2022-03, Metric eps_5yr: Base (-4.0), End (33.0) - Category: TURNAROUND - Explanation: Decline from loss base to profit end value
[TURNAROUND] Company TATASTEEL, Year 2023-03, Metric net_profit_10yr: Base (-7272), End (8075) - Category: TURNAROUND - Explanation: Decline from loss base to profit end value
[TURNAROUND] Company TATASTEEL, Year 2023-03, Metric eps_10yr: Base (-6.0), End (7.0) - Category: TURNAROUND - Explanation: Decline from loss base to profit end value
[TURNAROUND] Company TRENT, Year 2016-03, Metric net_profit_3yr: Base (-27), End (55) - Category: TURNAROUND - Explanation: Decline from loss base to profit end value
[TURNAROUND] Company TRENT, Year 2016-03, Metric eps_3yr: Base (-1.0), End (2.0) - Category: TURNAROUND - Explanation: Decline from loss base to profit end value
[TURNAROUND] Company TRENT, Year 2017-03, Metric net_profit_3yr: Base (-19), End (85) - Category: TURNAROUND - Explanation: Decline from loss base to profit end value
[TURNAROUND] Company TRENT, Year 2017-03, Metric eps_3yr: Base (-1.0), End (3.0) - Category: TURNAROUND - Explanation: Decline from loss base to profit end value
[TURNAROUND] Company TRENT, Year 2018-03, Metric net_profit_5yr: Base (-27), End (87) - Category: TURNAROUND - Explanation: Decline from loss base to profit end value
[TURNAROUND] Company TRENT, Year 2018-03, Metric eps_5yr: Base (-1.0), End (3.0) - Category: TURNAROUND - Explanation: Decline from loss base to profit end value
[TURNAROUND] Company TRENT, Year 2019-03, Metric net_profit_5yr: Base (-19), End (95) - Category: TURNAROUND - Explanation: Decline from loss base to profit end value
[TURNAROUND] Company TRENT, Year 2019-03, Metric eps_5yr: Base (-1.0), End (3.0) - Category: TURNAROUND - Explanation: Decline from loss base to profit end value
[TURNAROUND] Company TRENT, Year 2023-03, Metric net_profit_10yr: Base (-27), End (394) - Category: TURNAROUND - Explanation: Decline from loss base to profit end value
[TURNAROUND] Company TRENT, Year 2023-03, Metric eps_10yr: Base (-1.0), End (13.0) - Category: TURNAROUND - Explanation: Decline from loss base to profit end value
[TURNAROUND] Company TRENT, Year 2024-03, Metric net_profit_3yr: Base (-181), End (1477) - Category: TURNAROUND - Explanation: Decline from loss base to profit end value
[TURNAROUND] Company TRENT, Year 2024-03, Metric net_profit_10yr: Base (-19), End (1477) - Category: TURNAROUND - Explanation: Decline from loss base to profit end value
[TURNAROUND] Company TRENT, Year 2024-03, Metric eps_3yr: Base (-4.0), End (42.0) - Category: TURNAROUND - Explanation: Decline from loss base to profit end value
[TURNAROUND] Company TRENT, Year 2024-03, Metric eps_10yr: Base (-1.0), End (42.0) - Category: TURNAROUND - Explanation: Decline from loss base to profit end value
[TURNAROUND] Company INDIGO, Year 2024-03, Metric net_profit_3yr: Base (-6171), End (8167) - Category: TURNAROUND - Explanation: Decline from loss base to profit end value
[TURNAROUND] Company INDIGO, Year 2024-03, Metric eps_3yr: Base (-151.0), End (212.0) - Category: TURNAROUND - Explanation: Decline from loss base to profit end value
